# JRE version: Java(TM) SE Runtime Environment (17.0.13+10) (build 17.0.13+10-LTS-268)
# Java VM: Java HotSpot(TM) 64-Bit Server VM (17.0.13+10-LTS-268, mixed mode, sharing, tiered, compressed oops, compressed class ptrs, g1 gc, windows-amd64)
GC Precious Log:
 CPUs: 8 total, 8 available
 Memory: 7379M
 Large Page Support: Disabled
 NUMA Support: Disabled
 Compressed Oops: Enabled (32-bit)
 Heap Region Size: 1M
 Heap Min Capacity: 8M
 Heap Initial Capacity: 116M
 Heap Max Capacity: 2G
 Pre-touch: Disabled
 Parallel Workers: 8
 Concurrent Workers: 2
 Concurrent Refinement Workers: 8
 Periodic GC: Disabled
Heap:
 garbage-first heap   total 271360K, used 216033K [0x0000000080000000, 0x0000000100000000)
  region size 1024K, 64 young (65536K), 8 survivors (8192K)
 Metaspace       used 118849K, committed 120000K, reserved 557056K
  class space    used 16391K, committed 16896K, reserved 425984K
GC Heap History (20 events):
Event: 57.050 GC heap before
{Heap before GC invocations=61 (full 0):
 garbage-first heap   total 195584K, used 167786K [0x0000000080000000, 0x0000000100000000)
  region size 1024K, 43 young (44032K), 2 survivors (2048K)
 Metaspace       used 111409K, committed 112512K, reserved 557056K
  class space    used 15303K, committed 15808K, reserved 425984K
}
Event: 57.054 GC heap after
{Heap after GC invocations=62 (full 0):
 garbage-first heap   total 195584K, used 125492K [0x0000000080000000, 0x0000000100000000)
  region size 1024K, 2 young (2048K), 2 survivors (2048K)
 Metaspace       used 111409K, committed 112512K, reserved 557056K
  class space    used 15303K, committed 15808K, reserved 425984K
}
Event: 58.629 GC heap before
{Heap before GC invocations=62 (full 0):
 garbage-first heap   total 195584K, used 167476K [0x0000000080000000, 0x0000000100000000)
  region size 1024K, 44 young (45056K), 2 survivors (2048K)
 Metaspace       used 113930K, committed 115136K, reserved 557056K
  class space    used 15680K, committed 16256K, reserved 425984K
}
Event: 58.638 GC heap after
{Heap after GC invocations=63 (full 0):
 garbage-first heap   total 195584K, used 130159K [0x0000000080000000, 0x0000000100000000)
  region size 1024K, 6 young (6144K), 6 survivors (6144K)
 Metaspace       used 113930K, committed 115136K, reserved 557056K
  class space    used 15680K, committed 16256K, reserved 425984K
}
Event: 60.030 GC heap before
{Heap before GC invocations=63 (full 0):
 garbage-first heap   total 195584K, used 165999K [0x0000000080000000, 0x0000000100000000)
  region size 1024K, 42 young (43008K), 6 survivors (6144K)
 Metaspace       used 114079K, committed 115264K, reserved 557056K
  class space    used 15680K, committed 16256K, reserved 425984K
}
Event: 60.040 GC heap after
{Heap after GC invocations=64 (full 0):
 garbage-first heap   total 195584K, used 132517K [0x0000000080000000, 0x0000000100000000)
  region size 1024K, 3 young (3072K), 3 survivors (3072K)
 Metaspace       used 114079K, committed 115264K, reserved 557056K
  class space    used 15680K, committed 16256K, reserved 425984K
}
Event: 60.891 GC heap before
{Heap before GC invocations=64 (full 0):
 garbage-first heap   total 195584K, used 166309K [0x0000000080000000, 0x0000000100000000)
  region size 1024K, 37 young (37888K), 3 survivors (3072K)
 Metaspace       used 114080K, committed 115264K, reserved 557056K
  class space    used 15681K, committed 16256K, reserved 425984K
}
Event: 60.909 GC heap after
{Heap after GC invocations=65 (full 0):
 garbage-first heap   total 195584K, used 133596K [0x0000000080000000, 0x0000000100000000)
  region size 1024K, 4 young (4096K), 4 survivors (4096K)
 Metaspace       used 114080K, committed 115264K, reserved 557056K
  class space    used 15681K, committed 16256K, reserved 425984K
}
Event: 61.503 GC heap before
{Heap before GC invocations=65 (full 0):
 garbage-first heap   total 195584K, used 167388K [0x0000000080000000, 0x0000000100000000)
  region size 1024K, 38 young (38912K), 4 survivors (4096K)
 Metaspace       used 114081K, committed 115264K, reserved 557056K
  class space    used 15681K, committed 16256K, reserved 425984K
}
Event: 61.509 GC heap after
{Heap after GC invocations=66 (full 0):
 garbage-first heap   total 195584K, used 134570K [0x0000000080000000, 0x0000000100000000)
  region size 1024K, 3 young (3072K), 3 survivors (3072K)
 Metaspace       used 114081K, committed 115264K, reserved 557056K
  class space    used 15681K, committed 16256K, reserved 425984K
}
Event: 62.727 GC heap before
{Heap before GC invocations=66 (full 0):
 garbage-first heap   total 195584K, used 173482K [0x0000000080000000, 0x0000000100000000)
  region size 1024K, 37 young (37888K), 3 survivors (3072K)
 Metaspace       used 114440K, committed 115712K, reserved 557056K
  class space    used 15722K, committed 16320K, reserved 425984K
}
Event: 62.736 GC heap after
{Heap after GC invocations=67 (full 0):
 garbage-first heap   total 195584K, used 148297K [0x0000000080000000, 0x0000000100000000)
  region size 1024K, 5 young (5120K), 5 survivors (5120K)
 Metaspace       used 114440K, committed 115712K, reserved 557056K
  class space    used 15722K, committed 16320K, reserved 425984K
}
Event: 63.425 GC heap before
{Heap before GC invocations=67 (full 0):
 garbage-first heap   total 195584K, used 165705K [0x0000000080000000, 0x0000000100000000)
  region size 1024K, 22 young (22528K), 5 survivors (5120K)
 Metaspace       used 114737K, committed 115968K, reserved 557056K
  class space    used 15750K, committed 16320K, reserved 425984K
}
Event: 63.432 GC heap after
{Heap after GC invocations=68 (full 0):
 garbage-first heap   total 195584K, used 151258K [0x0000000080000000, 0x0000000100000000)
  region size 1024K, 3 young (3072K), 3 survivors (3072K)
 Metaspace       used 114737K, committed 115968K, reserved 557056K
  class space    used 15750K, committed 16320K, reserved 425984K
}
Event: 63.734 GC heap before
{Heap before GC invocations=69 (full 0):
 garbage-first heap   total 271360K, used 164570K [0x0000000080000000, 0x0000000100000000)
  region size 1024K, 18 young (18432K), 3 survivors (3072K)
 Metaspace       used 114645K, committed 115968K, reserved 557056K
  class space    used 15724K, committed 16320K, reserved 425984K
}
Event: 63.738 GC heap after
{Heap after GC invocations=70 (full 0):
 garbage-first heap   total 271360K, used 151066K [0x0000000080000000, 0x0000000100000000)
  region size 1024K, 1 young (1024K), 1 survivors (1024K)
 Metaspace       used 114645K, committed 115968K, reserved 557056K
  class space    used 15724K, committed 16320K, reserved 425984K
}
Event: 63.982 GC heap before
{Heap before GC invocations=70 (full 0):
 garbage-first heap   total 271360K, used 162330K [0x0000000080000000, 0x0000000100000000)
  region size 1024K, 13 young (13312K), 1 survivors (1024K)
 Metaspace       used 114645K, committed 115968K, reserved 557056K
  class space    used 15724K, committed 16320K, reserved 425984K
}
Event: 63.985 GC heap after
{Heap after GC invocations=71 (full 0):
 garbage-first heap   total 271360K, used 150914K [0x0000000080000000, 0x0000000100000000)
  region size 1024K, 1 young (1024K), 1 survivors (1024K)
 Metaspace       used 114645K, committed 115968K, reserved 557056K
  class space    used 15724K, committed 16320K, reserved 425984K
}
Event: 65.379 GC heap before
{Heap before GC invocations=71 (full 0):
 garbage-first heap   total 271360K, used 222594K [0x0000000080000000, 0x0000000100000000)
  region size 1024K, 70 young (71680K), 1 survivors (1024K)
 Metaspace       used 114802K, committed 116032K, reserved 557056K
  class space    used 15755K, committed 16320K, reserved 425984K
}
Event: 65.386 GC heap after
{Heap after GC invocations=72 (full 0):
 garbage-first heap   total 271360K, used 159713K [0x0000000080000000, 0x0000000100000000)
  region size 1024K, 8 young (8192K), 8 survivors (8192K)
 Metaspace       used 114802K, committed 116032K, reserved 557056K
  class space    used 15755K, committed 16320K, reserved 425984K
}

